Box([-500.    0.    0.    0.    0.    0.    0.    0.    0.    0.    0.    0.
    0.    0.    0.    0.    0.    0.    0.    0.    0.    0.    0.    0.
    0.    0.    0.    0.    0.    0.    0.    0.    0.    0.    0.    0.
    0.], [500.   2.   2.   2.   2.   2.   2.   2.   2.   2.   2.   2.   2.   2.
   2.   2.   2.   2.   2.   2.   2.   2.   2.   2.   2.   2.   2.   2.
   2.   2.   2.   2.   2.   2.   2.   2.   2.], (37,), float32)
The action space is Box([-500.    0.    0.    0.    0.    0.    0.    0.    0.    0.    0.    0.
    0.    0.    0.    0.    0.    0.    0.    0.    0.    0.    0.    0.
    0.    0.    0.    0.    0.    0.    0.    0.    0.    0.    0.    0.
    0.], [500.   2.   2.   2.   2.   2.   2.   2.   2.   2.   2.   2.   2.   2.
   2.   2.   2.   2.   2.   2.   2.   2.   2.   2.   2.   2.   2.   2.
   2.   2.   2.   2.   2.   2.   2.   2.   2.], (37,), float32)
The observation space is Dict('O2': Box(0.0, 2.0, (4,), float32), 'SO2': Box(0.0, 2.0, (4,), float32), 'SO3': Box(0.0, 2.0, (4,), float32))
Box([-500.    0.    0.    0.    0.    0.    0.    0.    0.    0.    0.    0.
    0.    0.    0.    0.    0.    0.    0.    0.    0.    0.    0.    0.
    0.    0.    0.    0.    0.    0.    0.    0.    0.    0.    0.    0.
    0.], [500.   2.   2.   2.   2.   2.   2.   2.   2.   2.   2.   2.   2.   2.
   2.   2.   2.   2.   2.   2.   2.   2.   2.   2.   2.   2.   2.   2.
   2.   2.   2.   2.   2.   2.   2.   2.   2.], (37,), float32)
Using cpu device
<stable_baselines3.ppo.ppo.PPO object at 0x2a8a6fd90>

